<?xml version="1.0" encoding="UTF-8"?>
<!-- Generated by org.testng.reporters.JUnitReportReporter -->
<testsuite hostname="MBP-Vladimir" failures="0" tests="10" name="testCases.HybridExecuteTest" time="15.660" errors="0" timestamp="06 апр. 2019 07:47:47 GMT" skipped="0">
  <testcase classname="testCases.HybridExecuteTest" name="testLogin" time="0.986"/>
  <testcase classname="testCases.HybridExecuteTest" name="testLogin" time="0.167"/>
  <testcase classname="testCases.HybridExecuteTest" name="testLogin" time="0.145"/>
  <testcase classname="testCases.HybridExecuteTest" name="testLogin" time="0.205"/>
  <testcase classname="testCases.HybridExecuteTest" name="testLogin" time="2.959"/>
  <testcase classname="testCases.HybridExecuteTest" name="testLogin" time="1.416"/>
  <testcase classname="testCases.HybridExecuteTest" name="testLogin" time="3.517"/>
  <testcase classname="testCases.HybridExecuteTest" name="testLogin" time="0.911"/>
  <testcase classname="testCases.HybridExecuteTest" name="testLogin" time="3.211"/>
  <testcase classname="testCases.HybridExecuteTest" name="testLogin" time="2.143"/>
</testsuite> <!-- testCases.HybridExecuteTest -->
